UR2-PROD
2100
8199
2101E Неопределенная панель :1:
#-------------------------------------------------------------------------------
#
2102E Неопределенная клавиша :1:
#-------------------------------------------------------------------------------
#
2103E Выберите один из вариантов
#-------------------------------------------------------------------------------
#
2201E Неизвестная команда :1:
#-------------------------------------------------------------------------------
#
2202E Неопределенный идентификатор
#-------------------------------------------------------------------------------
#
2301E Номер и дата обязательны к заполнению
#-------------------------------------------------------------------------------
#
2302E Дата в неверном формате (ГГГГММДД)
#-------------------------------------------------------------------------------
#
2303E Организация должна быть задана
#-------------------------------------------------------------------------------
#
2304E Материально ответственный должен быть задан
#-------------------------------------------------------------------------------
#
2305E Поле обязательно к заполнению
#-------------------------------------------------------------------------------
#
2306E Дата начала периода должна быть меньше даты конца
#-------------------------------------------------------------------------------
#
2401E Организация не найдена
#-------------------------------------------------------------------------------
#
2402E Материал не найден
#-------------------------------------------------------------------------------
#
2403E Единица измерения не найдена
#-------------------------------------------------------------------------------
#
2404E Ставка не найдена
#-------------------------------------------------------------------------------
#
2405E Сотрудник не найден
#-------------------------------------------------------------------------------
#
2406E Материально-ответственный не найден
#-------------------------------------------------------------------------------
#
2407E Ед.Изм. не соответствует основной, заполните кол-во
#-------------------------------------------------------------------------------
#
2408E Документов не найдено
#-------------------------------------------------------------------------------
#
2409E Документ не может быть удален, поскольку частично подтвержден
#-------------------------------------------------------------------------------
#
2410E Заказ не найден
#-------------------------------------------------------------------------------
#
2411E Счет заказа неопределен
#-------------------------------------------------------------------------------
#
2412E Остатков данного материала не найдено
#-------------------------------------------------------------------------------
#
2413E Требуется не менее трех букв для поиска
#-------------------------------------------------------------------------------
#
2414E Требуется наличие ИНН и КПП (обратитесь к администратору)
#-------------------------------------------------------------------------------
#
2415E Объект не найден
#-------------------------------------------------------------------------------
#
2416E ЛЗК уже израсходована
#-------------------------------------------------------------------------------
#
2417E Подразделение не найдено
#-------------------------------------------------------------------------------
#
2418E ИНН отсутствует или некорректный (обратитесь к администратору)
#-------------------------------------------------------------------------------
#
2419E Документ содержит позиции материалов, удаление невозможно
#-------------------------------------------------------------------------------
#
2420E Документ содержит позиции ТЗР, удаление невозможно
#-------------------------------------------------------------------------------
#
2421E Отрицательный остаток у принимающего, удалите расходы
#-------------------------------------------------------------------------------
#
2422E Несовпадают суммы стоимости
#-------------------------------------------------------------------------------
#
2423E Несовпадают суммы НДС
#-------------------------------------------------------------------------------
#
2424E Неполное подтверждение
#-------------------------------------------------------------------------------
#
2501E Запрошенные данные не найдены
#-------------------------------------------------------------------------------
#
2509E Требуется указать хотя бы один критерий
#-------------------------------------------------------------------------------
#
8000E ВЫХОД С ЗАПОЛНЕНИЕМ СТЕКА ВЫЗОВОВ
#-------------------------------------------------------------------------------
#
8001E НЕИЗВЕСТНАЯ КОМАНДА :1:
#-------------------------------------------------------------------------------
#
8002E ОБЪЕКТ НЕ НАЙДЕН :1:
#-------------------------------------------------------------------------------
#
8003E ТРЕБУЕТСЯ ИДЕНТИФИКАТОР ОБЪЕКТА
#-------------------------------------------------------------------------------
#
8004E ТРЕБУЕТСЯ ТИП ЗАПИСИ
#-------------------------------------------------------------------------------
#
8005E ТИП ЗАПИСИ :1: НЕ СООТВЕТСТВУЕТ БАЗЕ :2:.
#-------------------------------------------------------------------------------
#
8006E КОЛИЧЕСТВО НАЙДЕННЫХ ЗАПИСЕЙ НЕ СООТВЕТСТВУЕТ ОЖИДАЕМОМУ
#-------------------------------------------------------------------------------
#
8007E ТРЕБУЕТСЯ ТИП ОБЪЕКТА
#-------------------------------------------------------------------------------
#
8008E Атрибут :1: является обязательным
#-------------------------------------------------------------------------------
#
8010E ДЛЯ ДАННОЙ ОПЕРАЦИИ ТРЕБУЕТСЯ ДЛИННАЯ ТРАНЗАКЦИЯ
#-------------------------------------------------------------------------------
#
8011E КОНФЛИКТ С ДЛИННОЙ ТРАНЗАКЦИЕЙ :1:
#-------------------------------------------------------------------------------
#
8012E ТРАНЗАКЦИЯ УЖЕ ОТКРЫТА ДЛЯ ДАННОГО ОБЪЕКТА
#-------------------------------------------------------------------------------
#
8013E ЛОГ ТРАНЗАКЦИЙ ПЕРЕПОЛНЕН
#-------------------------------------------------------------------------------
#
8015E Объект уже блокирован другой транзакцией :1:
#-------------------------------------------------------------------------------
#
8021E ПЕРЕПОЛНЕНИЕ ЧИСЛА
#-------------------------------------------------------------------------------
#
8030E Тест не пройден
#-------------------------------------------------------------------------------
#
8031E Позиция :1: в стеке не корректна
#-------------------------------------------------------------------------------
#
8033E Тест на сравнение (:1:) <> (:2:)
#-------------------------------------------------------------------------------
#
8040E Необработанное состояние конечного автомата :1: код сервиса :2:
#-------------------------------------------------------------------------------
#
8041E Конечный автомат зациклен в состоянии :1:
#-------------------------------------------------------------------------------
#
8101E НЕВЕРНОЕ ЗНАЧЕНИЕ ТИПА АТРИБУТА :1: МОЖЕТ БЫТЬ 'P' ИЛИ 'A'
#-------------------------------------------------------------------------------
#
8102E ЗАПИСЬ НЕ ЯВЛЯЕТСЯ КОНТЕЙНЕРОМ
#-------------------------------------------------------------------------------
#TEXT:
#  ПОПЫТКА ВСТАВИТЬ В НЕ КОНТЕЙНЕР ЗАПИСЬ
#
#EXPL:
#  
#
#ACTN:
#  
#  
#  
#  
#  
#  
#  
#  
#  
#  
#  
#  
#  
#  
#  
#  
#  
#  
# 
8103E УРОВЕНЬ ЗАПИСИ ОПИСАНИЯ НЕ СООТВЕТСТВУЕТ ОЖИДАЕМОМУ
#-------------------------------------------------------------------------------
#
8104E Значение атрибута :1: (:2:) ошибочное (неизвестное)
#-------------------------------------------------------------------------------
#
8105E Атрибут с кодом :1: должен быть задан
#-------------------------------------------------------------------------------
#
8106E Единица измерения атрибута :1: должна быть задана
#-------------------------------------------------------------------------------
#
8107E Неопознанный атрибут (:1:)
#-------------------------------------------------------------------------------
#
