CNATLIBM
2001
2100
2001E Объект не найден :1:
#-------------------------------------------------------------------------------
#
2002E Неопределенная клавиша :1:
#-------------------------------------------------------------------------------
#
2003E Код объекта не задан.
#-------------------------------------------------------------------------------
#
2004E Поле обязательно к заполнению :1:
#-------------------------------------------------------------------------------
#
2005E Введено не доступное значение для поля
#-------------------------------------------------------------------------------
#
2006E Нет записи для обновления :1:
#-------------------------------------------------------------------------------
#
2007E Нет записи для удаления :1:
#-------------------------------------------------------------------------------
#
2008E Дата в неверном формате (ГГГГММДД)
#-------------------------------------------------------------------------------
#
2009E Объект с кодом :1: существует в БД.
#-------------------------------------------------------------------------------
#
2010E Переполнение массива. Обратитесь к разработчику.
#-------------------------------------------------------------------------------
#
2011E Неверный код
#-------------------------------------------------------------------------------
#
2012E Введите номер заказа
#-------------------------------------------------------------------------------
#
2013E Контрагент
#-------------------------------------------------------------------------------
#
2014E Неверный код контрагента
#-------------------------------------------------------------------------------
#
2015E Тип
#-------------------------------------------------------------------------------
#
2016E Номер
#-------------------------------------------------------------------------------
#
2017E Дата
#-------------------------------------------------------------------------------
#
2018E Счет
#-------------------------------------------------------------------------------
#
